<?xml version="1.0" encoding="UTF-8"?>
<!-- Generated by org.testng.reporters.JUnitReportReporter -->
<testsuite hostname="DESKTOP-R02UI3U" failures="0" tests="3" name="TestNG.Test1" time="0.004" errors="0" timestamp="2023-06-25T16:06:47 IST" skipped="0">
  <testcase classname="TestNG.Test1" name="test1" time="0.001"/>
  <system-out/>
  <testcase classname="TestNG.Test1" name="test2" time="0.002"/>
  <system-out/>
  <testcase classname="TestNG.Test1" name="test3" time="0.001"/>
  <system-out/>
</testsuite> <!-- TestNG.Test1 -->
