<?xml version="1.0" encoding="UTF-8"?>
<!-- Generated by org.testng.reporters.JUnitReportReporter -->
<testsuite hostname="DESKTOP-R02UI3U" failures="0" tests="2" name="TestNG.Test2" time="0.015" errors="0" timestamp="2023-06-25T16:06:47 IST" skipped="0">
  <testcase classname="TestNG.Test2" name="test4" time="0.013"/>
  <system-out/>
  <testcase classname="TestNG.Test2" name="test5" time="0.002"/>
  <system-out/>
</testsuite> <!-- TestNG.Test2 -->
