<?xml version="1.0" encoding="UTF-8"?>
<!-- Generated by org.testng.reporters.JUnitReportReporter -->
<testsuite hostname="DESKTOP-R02UI3U" failures="0" tests="4" name="com.tutorials.qa.testcases.RegisterAccount" time="16.868" errors="0" timestamp="2023-05-24T17:43:04 IST" skipped="0">
  <testcase classname="com.tutorials.qa.testcases.RegisterAccount" name="verifyRegistrationByWithoutProvidingAllDetails" time="3.638"/>
  <system-out/>
  <testcase classname="com.tutorials.qa.testcases.RegisterAccount" name="verifyRegistrationByProvidingMandatoryFields" time="4.373"/>
  <system-out/>
  <testcase classname="com.tutorials.qa.testcases.RegisterAccount" name="verifyRegistrationByProvidingAllFields" time="4.725"/>
  <system-out/>
  <testcase classname="com.tutorials.qa.testcases.RegisterAccount" name="verifyRegistrationByProvidingExistingEmailAccount" time="4.132"/>
  <system-out/>
</testsuite> <!-- com.tutorials.qa.testcases.RegisterAccount -->
