<?xml version="1.0" encoding="UTF-8"?>
<!-- Generated by org.testng.reporters.JUnitReportReporter -->
<testsuite hostname="DESKTOP-R02UI3U" failures="0" tests="6" name="com.tutorials.qa.testcases.Login" time="20.963" errors="0" timestamp="2023-05-24T17:43:04 IST" skipped="0">
  <testcase classname="com.tutorials.qa.testcases.Login" name="verifyloginButtonWithValidCredentials" time="3.478"/>
  <system-out/>
  <testcase classname="com.tutorials.qa.testcases.Login" name="verifyloginButtonWithValidCredentials" time="3.473"/>
  <system-out/>
  <testcase classname="com.tutorials.qa.testcases.Login" name="verifyloginButtonWithValidCredentials" time="3.603"/>
  <system-out/>
  <testcase classname="com.tutorials.qa.testcases.Login" name="VerifyLoginButtonFunctionalityWithInvalidEmailAndPassword" time="3.511"/>
  <system-out/>
  <testcase classname="com.tutorials.qa.testcases.Login" name="verifyLoginButtonFunctionalityWithvalidEmailAndInvalidPassword" time="3.439"/>
  <system-out/>
  <testcase classname="com.tutorials.qa.testcases.Login" name="verifyloginButtonWithEmptyCredentials" time="3.459"/>
  <system-out/>
</testsuite> <!-- com.tutorials.qa.testcases.Login -->
