<?xml version="1.0" encoding="UTF-8"?>
<!-- Generated by org.testng.reporters.JUnitReportReporter -->
<testsuite hostname="DESKTOP-R02UI3U" failures="0" tests="3" name="com.tutorials.qa.testcases.SearchProduct" time="18.567" errors="0" timestamp="2023-05-24T17:43:04 IST" skipped="0">
  <testcase classname="com.tutorials.qa.testcases.SearchProduct" name="verifySearchWithValidProduct" time="5.099"/>
  <system-out/>
  <testcase classname="com.tutorials.qa.testcases.SearchProduct" name="verifySearchWithInValidProduct" time="5.027"/>
  <system-out/>
  <testcase classname="com.tutorials.qa.testcases.SearchProduct" name="verifySearchWithoutEnteringAnyProduct" time="8.441"/>
  <system-out/>
</testsuite> <!-- com.tutorials.qa.testcases.SearchProduct -->
