<?xml version="1.0" encoding="UTF-8"?>
<!-- Generated by org.testng.reporters.JUnitReportReporter -->
<testsuite hostname="DESKTOP-R02UI3U" failures="0" tests="6" name="com.tutorials.qa.testcases.Login" time="20.985" errors="0" timestamp="2023-05-24T16:33:47 IST" skipped="0">
  <testcase classname="com.tutorials.qa.testcases.Login" name="verifyloginButtonWithValidCredentials" time="3.222"/>
  <system-out/>
  <testcase classname="com.tutorials.qa.testcases.Login" name="verifyloginButtonWithValidCredentials" time="3.477"/>
  <system-out/>
  <testcase classname="com.tutorials.qa.testcases.Login" name="verifyloginButtonWithValidCredentials" time="4.405"/>
  <system-out/>
  <testcase classname="com.tutorials.qa.testcases.Login" name="VerifyLoginButtonFunctionalityWithInvalidEmailAndPassword" time="3.294"/>
  <system-out/>
  <testcase classname="com.tutorials.qa.testcases.Login" name="verifyLoginButtonFunctionalityWithvalidEmailAndInvalidPassword" time="3.459"/>
  <system-out/>
  <testcase classname="com.tutorials.qa.testcases.Login" name="verifyloginButtonWithEmptyCredentials" time="3.128"/>
  <system-out/>
</testsuite> <!-- com.tutorials.qa.testcases.Login -->
