<?xml version="1.0" encoding="UTF-8"?>
<!-- Generated by org.testng.reporters.JUnitReportReporter -->
<testsuite hostname="DESKTOP-R02UI3U" failures="0" tests="1" name="com.tutorials.qa.testcases.LoginWithInvalidData" time="4.517" errors="0" timestamp="2023-05-08T17:53:27 IST" skipped="0">
  <testcase classname="com.tutorials.qa.testcases.LoginWithInvalidData" name="VerifyLoginButtonFunctionalityWithInvalidEmailAndPassword" time="4.517"/>
  <system-out/>
</testsuite> <!-- com.tutorials.qa.testcases.LoginWithInvalidData -->
