<?xml version="1.0" encoding="UTF-8"?>
<!-- Generated by org.testng.reporters.JUnitReportReporter -->
<testsuite hostname="DESKTOP-R02UI3U" failures="0" tests="1" name="com.tutorials.qa.testcases.TestNGTodo" time="0.009" errors="0" timestamp="2023-05-24T20:47:51 IST" skipped="0">
  <testcase classname="com.tutorials.qa.testcases.TestNGTodo" name="testSimple" time="0.009"/>
  <system-out/>
</testsuite> <!-- com.tutorials.qa.testcases.TestNGTodo -->
