<?xml version="1.0" encoding="UTF-8"?>
<!-- Generated by org.testng.reporters.JUnitReportReporter -->
<testsuite hostname="DESKTOP-R02UI3U" failures="0" tests="4" name="com.tutorials.qa.testcases.RegisterAccount" time="22.800" errors="0" timestamp="2023-05-24T16:33:47 IST" skipped="0">
  <testcase classname="com.tutorials.qa.testcases.RegisterAccount" name="verifyRegistrationByWithoutProvidingAllDetails" time="9.782"/>
  <system-out/>
  <testcase classname="com.tutorials.qa.testcases.RegisterAccount" name="verifyRegistrationByProvidingMandatoryFields" time="4.250"/>
  <system-out/>
  <testcase classname="com.tutorials.qa.testcases.RegisterAccount" name="verifyRegistrationByProvidingAllFields" time="4.561"/>
  <system-out/>
  <testcase classname="com.tutorials.qa.testcases.RegisterAccount" name="verifyRegistrationByProvidingExistingEmailAccount" time="4.207"/>
  <system-out/>
</testsuite> <!-- com.tutorials.qa.testcases.RegisterAccount -->
