<?xml version="1.0" encoding="UTF-8"?>
<!-- Generated by org.testng.reporters.JUnitReportReporter -->
<testsuite hostname="DESKTOP-R02UI3U" failures="0" tests="1" name="com.tutorials.qa.utilities.Utilities" time="0.044" errors="0" timestamp="2023-05-09T21:51:24 IST" skipped="0">
  <testcase classname="com.tutorials.qa.utilities.Utilities" name="emailDatestamp" time="0.044"/>
  <system-out/>
</testsuite> <!-- com.tutorials.qa.utilities.Utilities -->
