<?xml version="1.0" encoding="UTF-8"?>
<!-- Generated by org.testng.reporters.JUnitReportReporter -->
<testsuite hostname="DESKTOP-R02UI3U" failures="0" tests="1" name="com.opencart.qa.test.Registrationtest" time="1.033" errors="0" timestamp="2023-05-26T17:52:23 IST" skipped="0">
  <testcase classname="com.opencart.qa.test.Registrationtest" name="RegisterWithValidData" time="1.033"/>
  <system-out/>
</testsuite> <!-- com.opencart.qa.test.Registrationtest -->
