<?xml version="1.0" encoding="UTF-8"?>
<!-- Generated by org.testng.reporters.JUnitReportReporter -->
<testsuite hostname="DESKTOP-R02UI3U" failures="0" tests="2" name="com.opencart.qa.test.loginpagetest" time="9.806" errors="0" timestamp="2023-05-26T17:52:23 IST" skipped="0">
  <testcase classname="com.opencart.qa.test.loginpagetest" name="verifyLoginBtnWithInValidData" time="6.650"/>
  <system-out/>
  <testcase classname="com.opencart.qa.test.loginpagetest" name="verifyLoginBtnWithValidData" time="3.156"/>
  <system-out/>
</testsuite> <!-- com.opencart.qa.test.loginpagetest -->
