<?xml version="1.0" encoding="UTF-8"?>
<!-- Generated by org.testng.reporters.JUnitReportReporter -->
<testsuite hostname="DESKTOP-R02UI3U" failures="0" tests="2" name="com.opencart.qa.test.dashboardTest" time="1.637" errors="0" timestamp="2023-05-26T18:33:26 IST" skipped="0">
  <testcase classname="com.opencart.qa.test.dashboardTest" name="VerifySeachBoxWithValidText" time="0.307"/>
  <system-out/>
  <testcase classname="com.opencart.qa.test.dashboardTest" name="verifyLoginBtnWithValidData" time="1.330"/>
  <system-out/>
</testsuite> <!-- com.opencart.qa.test.dashboardTest -->
