<?xml version="1.0" encoding="UTF-8"?>
<!-- Generated by org.testng.reporters.JUnitReportReporter -->
<testsuite hostname="DESKTOP-R02UI3U" failures="0" tests="2" name="com.opencart.qa.test.loginpagetest" time="16.440" errors="0" timestamp="2023-05-26T18:33:26 IST" skipped="0">
  <testcase classname="com.opencart.qa.test.loginpagetest" name="verifyLoginBtnWithInValidData" time="4.418"/>
  <system-out/>
  <testcase classname="com.opencart.qa.test.loginpagetest" name="verifyLoginBtnWithValidData" time="12.022"/>
  <system-out/>
</testsuite> <!-- com.opencart.qa.test.loginpagetest -->
