<?xml version="1.0" encoding="UTF-8"?>
<!-- Generated by org.testng.reporters.JUnitReportReporter -->
<testsuite hostname="DESKTOP-R02UI3U" failures="0" tests="2" name="com.opencart.qa.test.dashboardTest2" time="1.526" errors="0" timestamp="2023-05-26T18:33:26 IST" skipped="0">
  <testcase classname="com.opencart.qa.test.dashboardTest2" name="verifyLoginBtnWithValidData" time="1.296"/>
  <system-out/>
  <testcase classname="com.opencart.qa.test.dashboardTest2" name="VerifySeachBoxWithInValidText" time="0.230"/>
  <system-out/>
</testsuite> <!-- com.opencart.qa.test.dashboardTest2 -->
